{"total": {"lines":{"total":74,"covered":74,"skipped":0,"pct":100},"statements":{"total":85,"covered":85,"skipped":0,"pct":100},"functions":{"total":19,"covered":19,"skipped":0,"pct":100},"branches":{"total":35,"covered":35,"skipped":0,"pct":100}}
,"/Users/fullstackedkush/Downloads/backend-exercise-0.2.3/src/database.ts": {"lines":{"total":5,"covered":5,"skipped":0,"pct":100},"functions":{"total":0,"covered":0,"skipped":0,"pct":100},"statements":{"total":5,"covered":5,"skipped":0,"pct":100},"branches":{"total":0,"covered":0,"skipped":0,"pct":100}}
,"/Users/fullstackedkush/Downloads/backend-exercise-0.2.3/src/__tests__/helpers.ts": {"lines":{"total":10,"covered":10,"skipped":0,"pct":100},"functions":{"total":7,"covered":7,"skipped":0,"pct":100},"statements":{"total":16,"covered":16,"skipped":0,"pct":100},"branches":{"total":0,"covered":0,"skipped":0,"pct":100}}
,"/Users/fullstackedkush/Downloads/backend-exercise-0.2.3/src/controllers/SensorEventController.ts": {"lines":{"total":27,"covered":27,"skipped":0,"pct":100},"functions":{"total":6,"covered":6,"skipped":0,"pct":100},"statements":{"total":30,"covered":30,"skipped":0,"pct":100},"branches":{"total":23,"covered":23,"skipped":0,"pct":100}}
,"/Users/fullstackedkush/Downloads/backend-exercise-0.2.3/src/middleware/sensorEvent.ts": {"lines":{"total":20,"covered":20,"skipped":0,"pct":100},"functions":{"total":4,"covered":4,"skipped":0,"pct":100},"statements":{"total":22,"covered":22,"skipped":0,"pct":100},"branches":{"total":10,"covered":10,"skipped":0,"pct":100}}
,"/Users/fullstackedkush/Downloads/backend-exercise-0.2.3/src/models/sensorEvent.ts": {"lines":{"total":5,"covered":5,"skipped":0,"pct":100},"functions":{"total":1,"covered":1,"skipped":0,"pct":100},"statements":{"total":5,"covered":5,"skipped":0,"pct":100},"branches":{"total":0,"covered":0,"skipped":0,"pct":100}}
,"/Users/fullstackedkush/Downloads/backend-exercise-0.2.3/src/types/index.ts": {"lines":{"total":7,"covered":7,"skipped":0,"pct":100},"functions":{"total":1,"covered":1,"skipped":0,"pct":100},"statements":{"total":7,"covered":7,"skipped":0,"pct":100},"branches":{"total":2,"covered":2,"skipped":0,"pct":100}}
}
