TN:
SF:src/database.ts
FNF:0
FNH:0
DA:1,2
DA:2,2
DA:4,2
DA:6,2
DA:10,2
LF:5
LH:5
BRF:0
BRH:0
end_of_record
TN:
SF:src/__tests__/helpers.ts
FN:3,(anonymous_13)
FN:4,(anonymous_14)
FN:9,(anonymous_15)
FN:17,(anonymous_16)
FN:28,(anonymous_17)
FN:28,(anonymous_18)
FN:30,(anonymous_19)
FNF:7
FNH:7
FNDA:13,(anonymous_13)
FNDA:5,(anonymous_14)
FNDA:5,(anonymous_15)
FNDA:1,(anonymous_16)
FNDA:2,(anonymous_17)
FNDA:2,(anonymous_18)
FNDA:2,(anonymous_19)
DA:1,2
DA:3,13
DA:4,5
DA:9,5
DA:11,2
DA:17,2
DA:19,2
DA:28,2
DA:29,2
DA:30,2
LF:10
LH:10
BRF:0
BRH:0
end_of_record
TN:
SF:src/controllers/SensorEventController.ts
FN:8,(anonymous_0)
FN:10,(anonymous_1)
FN:36,(anonymous_2)
FN:38,(anonymous_3)
FN:40,(anonymous_4)
FN:53,(anonymous_5)
FNF:6
FNH:6
FNDA:1,(anonymous_0)
FNDA:5,(anonymous_1)
FNDA:5,(anonymous_2)
FNDA:5,(anonymous_3)
FNDA:9,(anonymous_4)
FNDA:9,(anonymous_5)
DA:2,1
DA:3,1
DA:6,1
DA:8,1
DA:10,1
DA:11,5
DA:14,5
DA:16,1
DA:17,1
DA:19,1
DA:20,1
DA:22,1
DA:23,1
DA:25,1
DA:26,1
DA:28,1
DA:31,5
DA:33,5
DA:36,5
DA:38,5
DA:40,1
DA:41,9
DA:42,9
DA:51,9
DA:54,9
DA:55,1
DA:58,8
LF:27
LH:27
BRDA:15,0,0,1
BRDA:15,0,1,1
BRDA:15,0,2,1
BRDA:15,0,3,1
BRDA:15,0,4,1
BRDA:18,1,0,4
BRDA:18,1,1,4
BRDA:21,2,0,3
BRDA:21,2,1,2
BRDA:31,3,0,4
BRDA:31,3,1,1
BRDA:43,4,0,5
BRDA:43,4,1,4
BRDA:44,5,0,6
BRDA:44,5,1,3
BRDA:44,6,0,9
BRDA:44,6,1,5
BRDA:46,7,0,4
BRDA:46,7,1,2
BRDA:47,8,0,4
BRDA:47,8,1,2
BRDA:54,9,0,1
BRDA:54,9,1,8
BRF:23
BRH:23
end_of_record
TN:
SF:src/middleware/sensorEvent.ts
FN:6,(anonymous_7)
FN:11,(anonymous_8)
FN:11,(anonymous_9)
FN:14,(anonymous_10)
FNF:4
FNH:4
FNDA:1,(anonymous_7)
FNDA:5,(anonymous_8)
FNDA:5,(anonymous_9)
FNDA:10,(anonymous_10)
DA:2,1
DA:4,1
DA:6,1
DA:7,1
DA:8,1
DA:11,5
DA:12,5
DA:13,5
DA:14,5
DA:15,10
DA:18,5
DA:19,2
DA:20,2
DA:22,2
DA:23,1
DA:24,1
DA:28,5
DA:29,4
DA:31,1
DA:35,1
LF:20
LH:20
BRDA:6,0,0,1
BRDA:6,0,1,1
BRDA:15,1,0,4
BRDA:15,1,1,6
BRDA:18,2,0,2
BRDA:18,2,1,3
BRDA:22,3,0,1
BRDA:22,3,1,1
BRDA:28,4,0,4
BRDA:28,4,1,1
BRF:10
BRH:10
end_of_record
TN:
SF:src/models/sensorEvent.ts
FN:4,(anonymous_0)
FNF:1
FNH:1
FNDA:2,(anonymous_0)
DA:1,2
DA:2,2
DA:4,2
DA:5,2
DA:25,2
LF:5
LH:5
BRF:0
BRH:0
end_of_record
TN:
SF:src/types/index.ts
FN:26,(anonymous_0)
FNF:1
FNH:1
FNDA:2,(anonymous_0)
DA:1,2
DA:10,2
DA:26,2
DA:27,2
DA:28,2
DA:29,2
DA:30,2
LF:7
LH:7
BRDA:26,0,0,2
BRDA:26,0,1,2
BRF:2
BRH:2
end_of_record
